<?xml version="1.0" encoding="UTF-8"?>
<testng-results ignored="0" total="2" passed="2" failed="0" skipped="0">
  <reporter-output>
  </reporter-output>
  <suite started-at="2025-07-29T13:07:40 IST" name="Default suite" finished-at="2025-07-29T13:07:50 IST" duration-ms="10184">
    <groups>
    </groups>
    <test started-at="2025-07-29T13:07:40 IST" name="Default test" finished-at="2025-07-29T13:07:50 IST" duration-ms="10184">
      <class name="testNG.AnnotationAttributesPriority">
        <test-method signature="register()[pri:1, instance:testNG.AnnotationAttributesPriority@6b2ea799]" started-at="2025-07-29T13:07:40 IST" name="register" finished-at="2025-07-29T13:07:45 IST" duration-ms="5106" status="PASS">
          <reporter-output>
          </reporter-output>
        </test-method> <!-- register -->
        <test-method signature="login()[pri:2, instance:testNG.AnnotationAttributesPriority@6b2ea799]" started-at="2025-07-29T13:07:45 IST" name="login" finished-at="2025-07-29T13:07:50 IST" duration-ms="5011" status="PASS">
          <reporter-output>
          </reporter-output>
        </test-method> <!-- login -->
      </class> <!-- testNG.AnnotationAttributesPriority -->
    </test> <!-- Default test -->
  </suite> <!-- Default suite -->
</testng-results>
